<?xml version="1.0" encoding="UTF-8"?>
<!-- Generated by org.testng.reporters.JUnitXMLReporter -->
<testsuite ignored="1" hostname="LTIN703564" failures="0" tests="1" name="RideOnDemandTest" time="0.053" errors="0" timestamp="2026-06-25T15:46:54 IST">
  <testcase classname="TestBase.BaseClass" name="@BeforeClass setup" time="-1.782382614576E9">
    <failure type="org.testng.TestNGException" message="
Parameter &amp;apos;browser&amp;apos; is required by BeforeClass on method setup but has not been marked @Optional or defined
in C:\Users\2494470\AppData\Local\JetBrains\IdeaIC2025.2\temp-testng-customsuite.xml">
      <![CDATA[org.testng.TestNGException: 
Parameter 'browser' is required by BeforeClass on method setup but has not been marked @Optional or defined
in C:\Users\2494470\AppData\Local\JetBrains\IdeaIC2025.2\temp-testng-customsuite.xml
at java.base/java.util.ArrayList.forEach(ArrayList.java:1596)
at com.intellij.rt.testng.IDEARemoteTestNG.run(IDEARemoteTestNG.java:65)
at com.intellij.rt.testng.RemoteTestNGStarter.main(RemoteTestNGStarter.java:105)
... Removed 19 stack frames]]>
    </failure>
  </testcase> <!-- @BeforeClass setup -->
  <testcase classname="TestCases.TC_CustomerDashboard" name="@BeforeMethod loginBeforeTest" time="0.0">
    <skipped/>
  </testcase> <!-- @BeforeMethod loginBeforeTest -->
  <testcase classname="TestCases.TC_CustomerDashboard" name="verifyDashboardForNewUser" time="0.0">
    <skipped/>
  </testcase> <!-- verifyDashboardForNewUser -->
  <testcase classname="TestCases.TC_CustomerDashboard" name="verifyDashboardDisplayCorrectContent" time="0.0">
    <ignored/>
  </testcase> <!-- verifyDashboardDisplayCorrectContent -->
</testsuite> <!-- RideOnDemandTest -->
