<?xml version="1.0" encoding="UTF-8"?>
<!-- Generated by org.testng.reporters.JUnitXMLReporter -->
<testsuite ignored="0" hostname="LTIN703564" failures="0" tests="2" name="Customer Dashboard Tests" time="18.196" errors="0" timestamp="2026-06-25T17:52:46 IST">
  <testcase classname="TestCases.TC_CustomerDashboard" name="verifyDashboardForNewUser" time="6.337"/>
  <testcase classname="TestCases.TC_CustomerDashboard" name="verifyDashboardDisplayCorrectContent" time="1.832"/>
</testsuite> <!-- Customer Dashboard Tests -->
