<?xml version="1.0" encoding="UTF-8"?>
<!-- Generated by org.testng.reporters.JUnitXMLReporter -->
<testsuite ignored="0" hostname="LTIN703564" failures="0" tests="2" name="Customer Dashboard Tests" time="19.214" errors="0" timestamp="2026-06-25T16:03:53 IST">
  <testcase classname="TestCases.TC_CustomerDashboard" name="verifyDashboardForNewUser" time="6.447"/>
  <testcase classname="TestCases.TC_CustomerDashboard" name="verifyDashboardDisplayCorrectContent" time="1.417"/>
</testsuite> <!-- Customer Dashboard Tests -->
