<?xml version="1.0" encoding="UTF-8"?>
<!-- Generated by org.testng.reporters.JUnitXMLReporter -->
<testsuite ignored="7" hostname="LTIN703564" failures="0" tests="1" name="Customer Post Requirement Page Tests" time="22.207" errors="0" timestamp="2026-06-25T19:54:32 IST">
  <testcase classname="TestCases.TC_CustomerPostRequirementPage" name="verifyLastStepButtonsFunctionality" time="12.448"/>
  <testcase classname="TestCases.TC_CustomerPostRequirementPage" name="verifyVehicleTypeDropdown" time="0.0">
    <ignored/>
  </testcase> <!-- verifyVehicleTypeDropdown -->
  <testcase classname="TestCases.TC_CustomerPostRequirementPage" name="verifyNextButtonFunctionality" time="0.0">
    <ignored/>
  </testcase> <!-- verifyNextButtonFunctionality -->
  <testcase classname="TestCases.TC_CustomerPostRequirementPage" name="verifyNavigationToProfileFromPostRequirement" time="0.0">
    <ignored/>
  </testcase> <!-- verifyNavigationToProfileFromPostRequirement -->
  <testcase classname="TestCases.TC_CustomerPostRequirementPage" name="verifyPostRequirementPageContent" time="0.0">
    <ignored/>
  </testcase> <!-- verifyPostRequirementPageContent -->
  <testcase classname="TestCases.TC_CustomerPostRequirementPage" name="verifyDatePickers" time="0.0">
    <ignored/>
  </testcase> <!-- verifyDatePickers -->
  <testcase classname="TestCases.TC_CustomerPostRequirementPage" name="verifyButtonVisibilityAcrossSteps" time="0.0">
    <ignored/>
  </testcase> <!-- verifyButtonVisibilityAcrossSteps -->
  <testcase classname="TestCases.TC_CustomerPostRequirementPage" name="verifyInvalidInputHandling" time="0.0">
    <ignored/>
  </testcase> <!-- verifyInvalidInputHandling -->
</testsuite> <!-- Customer Post Requirement Page Tests -->
