<?xml version="1.0" encoding="UTF-8"?>
<testng-results ignored="7" total="8" passed="1" failed="0" skipped="0">
  <reporter-output>
  </reporter-output>
  <suite started-at="2026-06-25T19:54:10 IST" name="Ride On Demand - Customer Module Test Suite" finished-at="2026-06-25T19:54:32 IST" duration-ms="22207">
    <groups>
    </groups>
    <test started-at="2026-06-25T19:54:10 IST" name="Customer Post Requirement Page Tests" finished-at="2026-06-25T19:54:32 IST" duration-ms="22207">
      <class name="TestCases.TC_CustomerPostRequirementPage">
        <test-method is-config="true" signature="setup(java.lang.String)[pri:0, instance:TestCases.TC_CustomerPostRequirementPage@7ceb3185]" started-at="2026-06-25T19:54:10 IST" name="setup" finished-at="2026-06-25T19:54:13 IST" duration-ms="3062" status="PASS">
          <params>
            <param index="0">
              <value>
                <![CDATA[chrome]]>
              </value>
            </param>
          </params>
          <reporter-output>
          </reporter-output>
        </test-method> <!-- setup -->
        <test-method is-config="true" signature="loginBeforeTest()[pri:0, instance:TestCases.TC_CustomerPostRequirementPage@7ceb3185]" started-at="2026-06-25T19:54:13 IST" name="loginBeforeTest" finished-at="2026-06-25T19:54:20 IST" duration-ms="6666" status="PASS">
          <reporter-output>
          </reporter-output>
        </test-method> <!-- loginBeforeTest -->
        <test-method signature="verifyLastStepButtonsFunctionality()[pri:0, instance:TestCases.TC_CustomerPostRequirementPage@7ceb3185]" started-at="2026-06-25T19:54:20 IST" name="verifyLastStepButtonsFunctionality" finished-at="2026-06-25T19:54:32 IST" duration-ms="12448" status="PASS">
          <reporter-output>
          </reporter-output>
        </test-method> <!-- verifyLastStepButtonsFunctionality -->
      </class> <!-- TestCases.TC_CustomerPostRequirementPage -->
    </test> <!-- Customer Post Requirement Page Tests -->
  </suite> <!-- Ride On Demand - Customer Module Test Suite -->
</testng-results>
