<?xml version="1.0" encoding="UTF-8"?>
<testng-results ignored="0" total="2" passed="2" failed="0" skipped="0">
  <reporter-output>
  </reporter-output>
  <suite started-at="2026-06-25T16:03:34 IST" name="Ride On Demand - Customer Module Test Suite" finished-at="2026-06-25T16:03:53 IST" duration-ms="19214">
    <groups>
    </groups>
    <test started-at="2026-06-25T16:03:34 IST" name="Customer Dashboard Tests" finished-at="2026-06-25T16:03:53 IST" duration-ms="19214">
      <class name="TestCases.TC_CustomerDashboard">
        <test-method is-config="true" signature="setup(java.lang.String)[pri:0, instance:TestCases.TC_CustomerDashboard@225129c]" started-at="2026-06-25T16:03:34 IST" name="setup" finished-at="2026-06-25T16:03:37 IST" duration-ms="3440" status="PASS">
          <params>
            <param index="0">
              <value>
                <![CDATA[chrome]]>
              </value>
            </param>
          </params>
          <reporter-output>
          </reporter-output>
        </test-method> <!-- setup -->
        <test-method is-config="true" signature="loginBeforeTest(java.lang.reflect.Method)[pri:0, instance:TestCases.TC_CustomerDashboard@225129c]" started-at="2026-06-25T16:03:37 IST" name="loginBeforeTest" finished-at="2026-06-25T16:03:42 IST" duration-ms="4252" status="PASS">
          <params>
            <param index="0">
              <value>
                <![CDATA[public void TestCases.TC_CustomerDashboard.verifyDashboardForNewUser()]]>
              </value>
            </param>
          </params>
          <reporter-output>
          </reporter-output>
        </test-method> <!-- loginBeforeTest -->
        <test-method signature="verifyDashboardForNewUser()[pri:1, instance:TestCases.TC_CustomerDashboard@225129c]" started-at="2026-06-25T16:03:42 IST" name="verifyDashboardForNewUser" finished-at="2026-06-25T16:03:48 IST" duration-ms="6447" status="PASS">
          <reporter-output>
          </reporter-output>
        </test-method> <!-- verifyDashboardForNewUser -->
        <test-method is-config="true" signature="loginBeforeTest(java.lang.reflect.Method)[pri:0, instance:TestCases.TC_CustomerDashboard@225129c]" started-at="2026-06-25T16:03:48 IST" name="loginBeforeTest" finished-at="2026-06-25T16:03:52 IST" duration-ms="3601" status="PASS">
          <params>
            <param index="0">
              <value>
                <![CDATA[public void TestCases.TC_CustomerDashboard.verifyDashboardDisplayCorrectContent()]]>
              </value>
            </param>
          </params>
          <reporter-output>
          </reporter-output>
        </test-method> <!-- loginBeforeTest -->
        <test-method signature="verifyDashboardDisplayCorrectContent()[pri:2, instance:TestCases.TC_CustomerDashboard@225129c]" started-at="2026-06-25T16:03:52 IST" name="verifyDashboardDisplayCorrectContent" finished-at="2026-06-25T16:03:53 IST" duration-ms="1417" status="PASS">
          <reporter-output>
          </reporter-output>
        </test-method> <!-- verifyDashboardDisplayCorrectContent -->
      </class> <!-- TestCases.TC_CustomerDashboard -->
    </test> <!-- Customer Dashboard Tests -->
  </suite> <!-- Ride On Demand - Customer Module Test Suite -->
</testng-results>
