<?xml version="1.0" encoding="UTF-8"?>
<!-- Generated by org.testng.reporters.JUnitReportReporter -->
<testsuite hostname="LTIN703564" failures="0" tests="2" name="TestCases.TC_CustomerDashboard" time="15.717" errors="0" timestamp="2026-06-25T16:03:57 IST" skipped="0">
  <testcase classname="TestCases.TC_CustomerDashboard" name="verifyDashboardForNewUser" time="10.699"/>
  <testcase classname="TestCases.TC_CustomerDashboard" name="verifyDashboardDisplayCorrectContent" time="5.018"/>
</testsuite> <!-- TestCases.TC_CustomerDashboard -->
