<?xml version="1.0" encoding="UTF-8"?>
<!-- Generated by org.testng.reporters.JUnitReportReporter -->
<testsuite hostname="LTIN703564" failures="0" tests="2" name="TestCases.TC_CustomerDashboard" time="15.662" errors="0" timestamp="2026-06-25T17:53:11 IST" skipped="0">
  <testcase classname="TestCases.TC_CustomerDashboard" name="verifyDashboardForNewUser" time="9.820"/>
  <testcase classname="TestCases.TC_CustomerDashboard" name="verifyDashboardDisplayCorrectContent" time="5.842"/>
</testsuite> <!-- TestCases.TC_CustomerDashboard -->
